<?xml version="1.0" encoding="UTF-8"?>
<testsuite name="com.cflint.TestCFBugs_VarScoper_Names" time="6.37" tests="48" errors="0" skipped="0" failures="0">
  <properties>
[...]
</properties>
  <testcase name="testScope_Name_Vard[CFQuery]" classname="com.cflint.TestCFBugs_VarScoper_Names" time="0.133"/>
  <testcase name="testScope_Name[CFQuery]" classname="com.cflint.TestCFBugs_VarScoper_Names" time="0.115"/>
  <testcase name="testScope_Name_Vard[CFFeed]" classname="com.cflint.TestCFBugs_VarScoper_Names" time="0.116"/>
  <testcase name="testScope_Name[CFFeed]" classname="com.cflint.TestCFBugs_VarScoper_Names" time="0.108"/>
  <testcase name="testScope_Name_Vard[CFHttp]" classname="com.cflint.TestCFBugs_VarScoper_Names" time="0.112"/>
  <testcase name="testScope_Name[CFHttp]" classname="com.cflint.TestCFBugs_VarScoper_Names" time="0.161"/>
  <testcase name="testScope_Name_Vard[CFDirectory]" classname="com.cflint.TestCFBugs_VarScoper_Names" time="0.147"/>
  <testcase name="testScope_Name[CFDirectory]" classname="com.cflint.TestCFBugs_VarScoper_Names" time="0.139"/>
  <testcase name="testScope_Name_Vard[CFForm]" classname="com.cflint.TestCFBugs_VarScoper_Names" time="0.134"/>
  <testcase name="testScope_Name[CFForm]" classname="com.cflint.TestCFBugs_VarScoper_Names" time="0.128"/>
  <testcase name="testScope_Name_Vard[CFFtp]" classname="com.cflint.TestCFBugs_VarScoper_Names" time="0.168"/>
  <testcase name="testScope_Name[CFFtp]" classname="com.cflint.TestCFBugs_VarScoper_Names" time="0.162"/>
  <testcase name="testScope_Name_Vard[CFObject]" classname="com.cflint.TestCFBugs_VarScoper_Names" time="0.168"/>
  <testcase name="testScope_Name[CFObject]" classname="com.cflint.TestCFBugs_VarScoper_Names" time="0.141"/>
  <testcase name="testScope_Name_Vard[CFSearch]" classname="com.cflint.TestCFBugs_VarScoper_Names" time="0.163"/>
  <testcase name="testScope_Name[CFSearch]" classname="com.cflint.TestCFBugs_VarScoper_Names" time="0.169"/>
  <testcase name="testScope_Name_Vard[CFProcResult]" classname="com.cflint.TestCFBugs_VarScoper_Names" time="0.134"/>
  <testcase name="testScope_Name[CFProcResult]" classname="com.cflint.TestCFBugs_VarScoper_Names" time="0.127"/>
  <testcase name="testScope_Name_Vard[CFPop]" classname="com.cflint.TestCFBugs_VarScoper_Names" time="0.149"/>
  <testcase name="testScope_Name[CFPop]" classname="com.cflint.TestCFBugs_VarScoper_Names" time="0.134"/>
  <testcase name="testScope_Name_Vard[CFRegistry]" classname="com.cflint.TestCFBugs_VarScoper_Names" time="0.146"/>
  <testcase name="testScope_Name[CFRegistry]" classname="com.cflint.TestCFBugs_VarScoper_Names" time="0.11"/>
  <testcase name="testScope_Name_Vard[CFReport]" classname="com.cflint.TestCFBugs_VarScoper_Names" time="0.117"/>
  <testcase name="testScope_Name[CFReport]" classname="com.cflint.TestCFBugs_VarScoper_Names" time="0.122"/>
  <testcase name="testScope_Name_Vard[CFDBInfo]" classname="com.cflint.TestCFBugs_VarScoper_Names" time="0.112"/>
  <testcase name="testScope_Name[CFDBInfo]" classname="com.cflint.TestCFBugs_VarScoper_Names" time="0.11"/>
  <testcase name="testScope_Name_Vard[CFDocument]" classname="com.cflint.TestCFBugs_VarScoper_Names" time="0.131"/>
  <testcase name="testScope_Name[CFDocument]" classname="com.cflint.TestCFBugs_VarScoper_Names" time="0.122"/>
  <testcase name="testScope_Name_Vard[CFCollection]" classname="com.cflint.TestCFBugs_VarScoper_Names" time="0.129"/>
  <testcase name="testScope_Name[CFCollection]" classname="com.cflint.TestCFBugs_VarScoper_Names" time="0.114"/>
  <testcase name="testScope_Name_Vard[CFPdf]" classname="com.cflint.TestCFBugs_VarScoper_Names" time="0.12"/>
  <testcase name="testScope_Name[CFPdf]" classname="com.cflint.TestCFBugs_VarScoper_Names" time="0.137"/>
  <testcase name="testScope_Name_Vard[CFZip]" classname="com.cflint.TestCFBugs_VarScoper_Names" time="0.127"/>
  <testcase name="testScope_Name[CFZip]" classname="com.cflint.TestCFBugs_VarScoper_Names" time="0.128"/>
  <testcase name="testScope_Name_Vard[CFLdap]" classname="com.cflint.TestCFBugs_VarScoper_Names" time="0.134"/>
  <testcase name="testScope_Name[CFLdap]" classname="com.cflint.TestCFBugs_VarScoper_Names" time="0.137"/>
  <testcase name="testScope_Name_Vard[CFChart]" classname="com.cflint.TestCFBugs_VarScoper_Names" time="0.126"/>
  <testcase name="testScope_Name[CFChart]" classname="com.cflint.TestCFBugs_VarScoper_Names" time="0.133"/>
  <testcase name="testScope_Name_Vard[CFHtmlToPdf]" classname="com.cflint.TestCFBugs_VarScoper_Names" time="0.14"/>
  <testcase name="testScope_Name[CFHtmlToPdf]" classname="com.cflint.TestCFBugs_VarScoper_Names" time="0.131"/>
  <testcase name="testScope_Name_Vard[CFImage]" classname="com.cflint.TestCFBugs_VarScoper_Names" time="0.126"/>
  <testcase name="testScope_Name[CFImage]" classname="com.cflint.TestCFBugs_VarScoper_Names" time="0.132"/>
  <testcase name="testScope_Name_Vard[CFImap]" classname="com.cflint.TestCFBugs_VarScoper_Names" time="0.13"/>
  <testcase name="testScope_Name[CFImap]" classname="com.cflint.TestCFBugs_VarScoper_Names" time="0.132"/>
  <testcase name="testScope_Name_Vard[CFSharepoint]" classname="com.cflint.TestCFBugs_VarScoper_Names" time="0.125"/>
  <testcase name="testScope_Name[CFSharepoint]" classname="com.cflint.TestCFBugs_VarScoper_Names" time="0.136"/>
  <testcase name="testScope_Name_Vard[CFSpreadsheet]" classname="com.cflint.TestCFBugs_VarScoper_Names" time="0.124"/>
  <testcase name="testScope_Name[CFSpreadsheet]" classname="com.cflint.TestCFBugs_VarScoper_Names" time="0.131"/>
</testsuite>