<?xml version="1.0" encoding="UTF-8"?>
<testsuite name="com.cflint.TestCFBugs_ComponentNames" time="2.593" tests="20" errors="0" skipped="0" failures="0">
  <properties>
[...]
</properties>
  <testcase name="nameEndsInNumberScript" classname="com.cflint.TestCFBugs_ComponentNames" time="0.217"/>
  <testcase name="testValidNamesTag" classname="com.cflint.TestCFBugs_ComponentNames" time="0.223"/>
  <testcase name="nameHasPrefixOrPostfixScript" classname="com.cflint.TestCFBugs_ComponentNames" time="0.184"/>
  <testcase name="nameTooShortTag" classname="com.cflint.TestCFBugs_ComponentNames" time="0.159"/>
  <testcase name="invalidCharsInNameScript" classname="com.cflint.TestCFBugs_ComponentNames" time="0.144"/>
  <testcase name="nameTooWordyTag" classname="com.cflint.TestCFBugs_ComponentNames" time="0.134"/>
  <testcase name="nameHasPrefixOrPostfixTag" classname="com.cflint.TestCFBugs_ComponentNames" time="0.123"/>
  <testcase name="testUpercaseNameTag" classname="com.cflint.TestCFBugs_ComponentNames" time="0.097"/>
  <testcase name="testLowercaseNameTag" classname="com.cflint.TestCFBugs_ComponentNames" time="0.115"/>
  <testcase name="testUpercaseNameScript" classname="com.cflint.TestCFBugs_ComponentNames" time="0.134"/>
  <testcase name="nameTooLongScript" classname="com.cflint.TestCFBugs_ComponentNames" time="0.147"/>
  <testcase name="nameIsTemporyScript" classname="com.cflint.TestCFBugs_ComponentNames" time="0.125"/>
  <testcase name="nameTooShortScript" classname="com.cflint.TestCFBugs_ComponentNames" time="0.101"/>
  <testcase name="nameTooWordyScript" classname="com.cflint.TestCFBugs_ComponentNames" time="0.08"/>
  <testcase name="nameIsTemporyTag" classname="com.cflint.TestCFBugs_ComponentNames" time="0.096"/>
  <testcase name="testValidNamesScript" classname="com.cflint.TestCFBugs_ComponentNames" time="0.102"/>
  <testcase name="invalidCharsInNameTag" classname="com.cflint.TestCFBugs_ComponentNames" time="0.123"/>
  <testcase name="testLowercaseNameScript" classname="com.cflint.TestCFBugs_ComponentNames" time="0.11"/>
  <testcase name="nameEndsInNumberTag" classname="com.cflint.TestCFBugs_ComponentNames" time="0.093"/>
  <testcase name="nameTooLongTag" classname="com.cflint.TestCFBugs_ComponentNames" time="0.086"/>
</testsuite>