<?xml version="1.0" encoding="UTF-8"?>
<testsuite name="com.cflint.tools.TestCFMLTagInfo" time="0.263" tests="5" errors="0" skipped="0" failures="0">
  <properties>
[...]
</properties>
  <testcase name="testCfloopBar" classname="com.cflint.tools.TestCFMLTagInfo" time="0.052"/>
  <testcase name="testCfloopIndex" classname="com.cflint.tools.TestCFMLTagInfo" time="0.057"/>
  <testcase name="testFooBar" classname="com.cflint.tools.TestCFMLTagInfo" time="0.045"/>
  <testcase name="testCfloopIndexCase" classname="com.cflint.tools.TestCFMLTagInfo" time="0.055"/>
  <testcase name="testCffeedAction" classname="com.cflint.tools.TestCFMLTagInfo" time="0.054"/>
</testsuite>