<?xml version="1.0" encoding="UTF-8"?>
<testsuite name="com.cflint.TestCFBugs_VarScoper" time="0.701" tests="10" errors="0" skipped="0" failures="0">
  <properties>
[...]
</properties>
  <testcase name="testVarScoperCharOffset" classname="com.cflint.TestCFBugs_VarScoper" time="0.07"/>
  <testcase name="testScript_UnVard_Scoped" classname="com.cflint.TestCFBugs_VarScoper" time="0.069"/>
  <testcase name="testCFFeed_Read_UnVard" classname="com.cflint.TestCFBugs_VarScoper" time="0.069"/>
  <testcase name="testCFProcParam_InOut" classname="com.cflint.TestCFBugs_VarScoper" time="0.082"/>
  <testcase name="queryNameOffset" classname="com.cflint.TestCFBugs_VarScoper" time="0.071"/>
  <testcase name="testScript_UnVard_ArrayFalsePositive" classname="com.cflint.TestCFBugs_VarScoper" time="0.073"/>
  <testcase name="testScript_UnVard" classname="com.cflint.TestCFBugs_VarScoper" time="0.068"/>
  <testcase name="testVarScoperVarOffset" classname="com.cflint.TestCFBugs_VarScoper" time="0.07"/>
  <testcase name="testCFProcParam_Out" classname="com.cflint.TestCFBugs_VarScoper" time="0.067"/>
  <testcase name="testCFFeed_Read_Vard" classname="com.cflint.TestCFBugs_VarScoper" time="0.062"/>
</testsuite>