<?xml version="1.0" encoding="UTF-8"?>
<testsuite name="com.cflint.TestCFBugs_VarScoper_TagAttr" time="9.816" tests="60" errors="0" skipped="0" failures="0">
  <properties>
[...]
</properties>
  <testcase name="testVarrd[CFExecute]" classname="com.cflint.TestCFBugs_VarScoper_TagAttr" time="0.156"/>
  <testcase name="testUnvarrd[CFExecute]" classname="com.cflint.TestCFBugs_VarScoper_TagAttr" time="0.161"/>
  <testcase name="testDotVarrd[CFExecute]" classname="com.cflint.TestCFBugs_VarScoper_TagAttr" time="0.226"/>
  <testcase name="testVarrd[CFFeed]" classname="com.cflint.TestCFBugs_VarScoper_TagAttr" time="0.164"/>
  <testcase name="testUnvarrd[CFFeed]" classname="com.cflint.TestCFBugs_VarScoper_TagAttr" time="0.15"/>
  <testcase name="testDotVarrd[CFFeed]" classname="com.cflint.TestCFBugs_VarScoper_TagAttr" time="0.249"/>
  <testcase name="testVarrd[CFFile]" classname="com.cflint.TestCFBugs_VarScoper_TagAttr" time="0.177"/>
  <testcase name="testVarrd[CFFile]" classname="com.cflint.TestCFBugs_VarScoper_TagAttr" time="0.195"/>
  <testcase name="testUnvarrd[CFFile]" classname="com.cflint.TestCFBugs_VarScoper_TagAttr" time="0.155"/>
  <testcase name="testUnvarrd[CFFile]" classname="com.cflint.TestCFBugs_VarScoper_TagAttr" time="0.149"/>
  <testcase name="testDotVarrd[CFFile]" classname="com.cflint.TestCFBugs_VarScoper_TagAttr" time="0.269"/>
  <testcase name="testDotVarrd[CFFile]" classname="com.cflint.TestCFBugs_VarScoper_TagAttr" time="0.214"/>
  <testcase name="testVarrd[CFFtp]" classname="com.cflint.TestCFBugs_VarScoper_TagAttr" time="0.14"/>
  <testcase name="testUnvarrd[CFFtp]" classname="com.cflint.TestCFBugs_VarScoper_TagAttr" time="0.135"/>
  <testcase name="testDotVarrd[CFFtp]" classname="com.cflint.TestCFBugs_VarScoper_TagAttr" time="0.228"/>
  <testcase name="testVarrd[CFHttp]" classname="com.cflint.TestCFBugs_VarScoper_TagAttr" time="0.136"/>
  <testcase name="testUnvarrd[CFHttp]" classname="com.cflint.TestCFBugs_VarScoper_TagAttr" time="0.137"/>
  <testcase name="testDotVarrd[CFHttp]" classname="com.cflint.TestCFBugs_VarScoper_TagAttr" time="0.194"/>
  <testcase name="testVarrd[CFImage]" classname="com.cflint.TestCFBugs_VarScoper_TagAttr" time="0.133"/>
  <testcase name="testUnvarrd[CFImage]" classname="com.cflint.TestCFBugs_VarScoper_TagAttr" time="0.134"/>
  <testcase name="testDotVarrd[CFImage]" classname="com.cflint.TestCFBugs_VarScoper_TagAttr" time="0.208"/>
  <testcase name="testVarrd[CFInvoke]" classname="com.cflint.TestCFBugs_VarScoper_TagAttr" time="0.145"/>
  <testcase name="testUnvarrd[CFInvoke]" classname="com.cflint.TestCFBugs_VarScoper_TagAttr" time="0.177"/>
  <testcase name="testDotVarrd[CFInvoke]" classname="com.cflint.TestCFBugs_VarScoper_TagAttr" time="0.291"/>
  <testcase name="testVarrd[CFLoop]" classname="com.cflint.TestCFBugs_VarScoper_TagAttr" time="0.151"/>
  <testcase name="testVarrd[CFLoop]" classname="com.cflint.TestCFBugs_VarScoper_TagAttr" time="0.196"/>
  <testcase name="testUnvarrd[CFLoop]" classname="com.cflint.TestCFBugs_VarScoper_TagAttr" time="0.155"/>
  <testcase name="testUnvarrd[CFLoop]" classname="com.cflint.TestCFBugs_VarScoper_TagAttr" time="0.228"/>
  <testcase name="testDotVarrd[CFLoop]" classname="com.cflint.TestCFBugs_VarScoper_TagAttr" time="0.264"/>
  <testcase name="testDotVarrd[CFLoop]" classname="com.cflint.TestCFBugs_VarScoper_TagAttr" time="0.359"/>
  <testcase name="testVarrd[CFNtAuthenticate]" classname="com.cflint.TestCFBugs_VarScoper_TagAttr" time="0.163"/>
  <testcase name="testUnvarrd[CFNtAuthenticate]" classname="com.cflint.TestCFBugs_VarScoper_TagAttr" time="0.189"/>
  <testcase name="testDotVarrd[CFNtAuthenticate]" classname="com.cflint.TestCFBugs_VarScoper_TagAttr" time="0.263"/>
  <testcase name="testVarrd[CFProcParam]" classname="com.cflint.TestCFBugs_VarScoper_TagAttr" time="0.186"/>
  <testcase name="testUnvarrd[CFProcParam]" classname="com.cflint.TestCFBugs_VarScoper_TagAttr" time="0.162"/>
  <testcase name="testDotVarrd[CFProcParam]" classname="com.cflint.TestCFBugs_VarScoper_TagAttr" time="0.241"/>
  <testcase name="testVarrd[CFQuery]" classname="com.cflint.TestCFBugs_VarScoper_TagAttr" time="0.153"/>
  <testcase name="testUnvarrd[CFQuery]" classname="com.cflint.TestCFBugs_VarScoper_TagAttr" time="0.16"/>
  <testcase name="testDotVarrd[CFQuery]" classname="com.cflint.TestCFBugs_VarScoper_TagAttr" time="0.197"/>
  <testcase name="testVarrd[CFRegistry]" classname="com.cflint.TestCFBugs_VarScoper_TagAttr" time="0.134"/>
  <testcase name="testUnvarrd[CFRegistry]" classname="com.cflint.TestCFBugs_VarScoper_TagAttr" time="0.119"/>
  <testcase name="testDotVarrd[CFRegistry]" classname="com.cflint.TestCFBugs_VarScoper_TagAttr" time="0.186"/>
  <testcase name="testVarrd[CFSavecontent]" classname="com.cflint.TestCFBugs_VarScoper_TagAttr" time="0.142"/>
  <testcase name="testUnvarrd[CFSavecontent]" classname="com.cflint.TestCFBugs_VarScoper_TagAttr" time="0.115"/>
  <testcase name="testDotVarrd[CFSavecontent]" classname="com.cflint.TestCFBugs_VarScoper_TagAttr" time="0.189"/>
  <testcase name="testVarrd[CFSpreadsheet]" classname="com.cflint.TestCFBugs_VarScoper_TagAttr" time="0.159"/>
  <testcase name="testUnvarrd[CFSpreadsheet]" classname="com.cflint.TestCFBugs_VarScoper_TagAttr" time="0.133"/>
  <testcase name="testDotVarrd[CFSpreadsheet]" classname="com.cflint.TestCFBugs_VarScoper_TagAttr" time="0.193"/>
  <testcase name="testVarrd[CFStoredProc]" classname="com.cflint.TestCFBugs_VarScoper_TagAttr" time="0.162"/>
  <testcase name="testUnvarrd[CFStoredProc]" classname="com.cflint.TestCFBugs_VarScoper_TagAttr" time="0.13"/>
  <testcase name="testDotVarrd[CFStoredProc]" classname="com.cflint.TestCFBugs_VarScoper_TagAttr" time="0.2"/>
  <testcase name="testVarrd[CFWddx]" classname="com.cflint.TestCFBugs_VarScoper_TagAttr" time="0.148"/>
  <testcase name="testUnvarrd[CFWddx]" classname="com.cflint.TestCFBugs_VarScoper_TagAttr" time="0.143"/>
  <testcase name="testDotVarrd[CFWddx]" classname="com.cflint.TestCFBugs_VarScoper_TagAttr" time="0.218"/>
  <testcase name="testVarrd[CFXml]" classname="com.cflint.TestCFBugs_VarScoper_TagAttr" time="0.194"/>
  <testcase name="testUnvarrd[CFXml]" classname="com.cflint.TestCFBugs_VarScoper_TagAttr" time="0.189"/>
  <testcase name="testDotVarrd[CFXml]" classname="com.cflint.TestCFBugs_VarScoper_TagAttr" time="0.263"/>
  <testcase name="testVarrd[CFZip]" classname="com.cflint.TestCFBugs_VarScoper_TagAttr" time="0.232"/>
  <testcase name="testUnvarrd[CFZip]" classname="com.cflint.TestCFBugs_VarScoper_TagAttr" time="0.198"/>
  <testcase name="testDotVarrd[CFZip]" classname="com.cflint.TestCFBugs_VarScoper_TagAttr" time="0.32"/>
</testsuite>