<?xml version="1.0" encoding="UTF-8"?>
<testsuite name="com.cflint.integration.TestFiles" time="21.206" tests="209" errors="0" skipped="0" failures="0">
  <properties>
[...]
</properties>
  <testcase name="test[StructKeyChecker/unquotedStructKeyNested.cfc]" classname="com.cflint.integration.TestFiles" time="0.149"/>
  <testcase name="test[StructKeyChecker/unquotedStructKey.cfc]" classname="com.cflint.integration.TestFiles" time="0.13"/>
  <testcase name="test[StructKeyChecker/dotNotation_405.cfc]" classname="com.cflint.integration.TestFiles" time="0.214"/>
  <testcase name="test[StructKeyChecker/top_level_542.cfc]" classname="com.cflint.integration.TestFiles" time="0.152"/>
  <testcase name="test[StructKeyChecker/quotedStructKey2.cfc]" classname="com.cflint.integration.TestFiles" time="0.11"/>
  <testcase name="test[ComponentNameChecker/foofoo.cfc]" classname="com.cflint.integration.TestFiles" time="0.124"/>
  <testcase name="test[ComponentNameChecker/foo.cfc]" classname="com.cflint.integration.TestFiles" time="0.134"/>
  <testcase name="test[ComponentNameChecker/veryLongComponentName.cfc]" classname="com.cflint.integration.TestFiles" time="0.142"/>
  <testcase name="test[EmptyFile/foo.cfc]" classname="com.cflint.integration.TestFiles" time="0.146"/>
  <testcase name="test[EmptyFile/fooWS.cfc]" classname="com.cflint.integration.TestFiles" time="0.114"/>
  <testcase name="test[CFDebugAttributeChecker/cfquery1_487.cfc]" classname="com.cflint.integration.TestFiles" time="0.114"/>
  <testcase name="test[CFDebugAttributeChecker/cfquery5_490.cfc]" classname="com.cflint.integration.TestFiles" time="0.151"/>
  <testcase name="test[CFDebugAttributeChecker/cfquery4_490.cfc]" classname="com.cflint.integration.TestFiles" time="0.169"/>
  <testcase name="test[CFDebugAttributeChecker/cfquery3_489.cfc]" classname="com.cflint.integration.TestFiles" time="0.225"/>
  <testcase name="test[CFDebugAttributeChecker/cfquery2_488.cfc]" classname="com.cflint.integration.TestFiles" time="0.119"/>
  <testcase name="test[TooManyFunctionsChecker/excessive_cfml2.cfc]" classname="com.cflint.integration.TestFiles" time="0.115"/>
  <testcase name="test[TooManyFunctionsChecker/excessive_cfml.cfc]" classname="com.cflint.integration.TestFiles" time="0.1"/>
  <testcase name="test[TooManyFunctionsChecker/excessive_cfscript.cfc]" classname="com.cflint.integration.TestFiles" time="0.179"/>
  <testcase name="test[TooManyFunctionsChecker/excessive_cfscript2.cfc]" classname="com.cflint.integration.TestFiles" time="0.122"/>
  <testcase name="test[GlobalVarChecker/cfcatch_tag.cfc]" classname="com.cflint.integration.TestFiles" time="0.096"/>
  <testcase name="test[WriteDumpChecker/writeDump.cfc]" classname="com.cflint.integration.TestFiles" time="0.101"/>
  <testcase name="test[WriteDumpChecker/script_hash_625.cfc]" classname="com.cflint.integration.TestFiles" time="0.117"/>
  <testcase name="test[WriteDumpChecker/output_hash_625.cfc]" classname="com.cflint.integration.TestFiles" time="0.107"/>
  <testcase name="test[ParseError/attr_space_536.cfm]" classname="com.cflint.integration.TestFiles" time="0.094"/>
  <testcase name="test[ParseError/fileoutput_359.cfm]" classname="com.cflint.integration.TestFiles" time="0.114"/>
  <testcase name="test[ParseError/nestedcomments_629.cfc]" classname="com.cflint.integration.TestFiles" time="0.104"/>
  <testcase name="test[ParseError/outside_output_359.cfm]" classname="com.cflint.integration.TestFiles" time="0.108"/>
  <testcase name="test[ParseError/queryparam_569.cfc]" classname="com.cflint.integration.TestFiles" time="0.106"/>
  <testcase name="test[ParseError/keys_599.cfm]" classname="com.cflint.integration.TestFiles" time="0.102"/>
  <testcase name="test[ParseError/npe_595.cfm]" classname="com.cflint.integration.TestFiles" time="0.128"/>
  <testcase name="test[ParseError/case_623.cfm]" classname="com.cflint.integration.TestFiles" time="0.104"/>
  <testcase name="test[ParseError/cfloop_359.cfm]" classname="com.cflint.integration.TestFiles" time="0.103"/>
  <testcase name="test[ParseError/singlequote_359.cfm]" classname="com.cflint.integration.TestFiles" time="0.117"/>
  <testcase name="test[ParseError/ordered_Struct_534.cfm]" classname="com.cflint.integration.TestFiles" time="0.085"/>
  <testcase name="test[UnusedVariable/cfoutput_464.cfc]" classname="com.cflint.integration.TestFiles" time="0.102"/>
  <testcase name="test[UnusedVariable/sampleQuery_577.cfc]" classname="com.cflint.integration.TestFiles" time="0.182"/>
  <testcase name="test[UnusedVariable/forLoop_211.cfc]" classname="com.cflint.integration.TestFiles" time="0.159"/>
  <testcase name="test[UnusedVariable/transaction_497.cfc]" classname="com.cflint.integration.TestFiles" time="0.149"/>
  <testcase name="test[UnusedVariable/while_465.cfc]" classname="com.cflint.integration.TestFiles" time="0.173"/>
  <testcase name="test[UnusedVariable/simpleUnused.cfc]" classname="com.cflint.integration.TestFiles" time="0.094"/>
  <testcase name="test[UnusedVariable/local_leftuse_592.cfc]" classname="com.cflint.integration.TestFiles" time="0.119"/>
  <testcase name="test[UnusedVariable/caselessVariable_242.cfc]" classname="com.cflint.integration.TestFiles" time="0.093"/>
  <testcase name="test[UnusedVariable/cflog_339.cfc]" classname="com.cflint.integration.TestFiles" time="0.076"/>
  <testcase name="test[UnusedVariable/local_nested_592.cfc]" classname="com.cflint.integration.TestFiles" time="0.094"/>
  <testcase name="test[UnusedVariable/local_339.cfc]" classname="com.cflint.integration.TestFiles" time="0.087"/>
  <testcase name="test[UnusedVariable/UnusedVar_593.cfc]" classname="com.cflint.integration.TestFiles" time="0.149"/>
  <testcase name="test[UnusedVariable/local_simple_592.cfc]" classname="com.cflint.integration.TestFiles" time="0.103"/>
  <testcase name="test[UnusedVariable/loop_631.cfc]" classname="com.cflint.integration.TestFiles" time="0.103"/>
  <testcase name="test[UnusedVariable/cookie_339.cfc]" classname="com.cflint.integration.TestFiles" time="0.096"/>
  <testcase name="test[UnusedVariable/newobj_640.cfc]" classname="com.cflint.integration.TestFiles" time="0.082"/>
  <testcase name="test[UnusedVariable/forLoop_227.cfc]" classname="com.cflint.integration.TestFiles" time="0.094"/>
  <testcase name="test[UnusedVariable/local_simple_cfml_593.cfc]" classname="com.cflint.integration.TestFiles" time="0.096"/>
  <testcase name="test[UnusedVariable/loop_list_339.cfc]" classname="com.cflint.integration.TestFiles" time="0.08"/>
  <testcase name="test[UnusedVariable/httpparam_593.cfc]" classname="com.cflint.integration.TestFiles" time="0.108"/>
  <testcase name="test[UnusedVariable/cfloopname_339.cfc]" classname="com.cflint.integration.TestFiles" time="0.076"/>
  <testcase name="test[UnusedVariable/cfquery_339.cfc]" classname="com.cflint.integration.TestFiles" time="0.078"/>
  <testcase name="test[UnusedVariable/cfqueryname_339.cfc]" classname="com.cflint.integration.TestFiles" time="0.131"/>
  <testcase name="test[UnusedVariable/location_339.cfc]" classname="com.cflint.integration.TestFiles" time="0.148"/>
  <testcase name="test[UnusedArgument/UnusedArg_418.cfc]" classname="com.cflint.integration.TestFiles" time="0.114"/>
  <testcase name="test[UnusedArgument/UnusedArg_593.cfc]" classname="com.cflint.integration.TestFiles" time="0.11"/>
  <testcase name="test[UnusedArgument/FunctionArg_550.cfc]" classname="com.cflint.integration.TestFiles" time="0.102"/>
  <testcase name="test[UnusedArgument/UnusedArgument_Case_545.cfc]" classname="com.cflint.integration.TestFiles" time="0.107"/>
  <testcase name="test[UnusedArgument/UnusedArgument_Case_234.cfc]" classname="com.cflint.integration.TestFiles" time="0.09"/>
  <testcase name="test[UnusedArgument/UnusedArgument_257b.cfc]" classname="com.cflint.integration.TestFiles" time="0.092"/>
  <testcase name="test[UnusedArgument/UnusedArgument_152.cfc]" classname="com.cflint.integration.TestFiles" time="0.107"/>
  <testcase name="test[UnusedArgument/UnusedArgument_152b.cfc]" classname="com.cflint.integration.TestFiles" time="0.095"/>
  <testcase name="test[UnusedArgument/UnusedArgument_227.cfc]" classname="com.cflint.integration.TestFiles" time="0.093"/>
  <testcase name="test[UnusedArgument/ReturnArg_573.cfc]" classname="com.cflint.integration.TestFiles" time="0.11"/>
  <testcase name="test[UnusedArgument/UnusedArg_573_b.cfc]" classname="com.cflint.integration.TestFiles" time="0.109"/>
  <testcase name="test[UnusedArgument/UnusedArgument_257.cfc]" classname="com.cflint.integration.TestFiles" time="0.104"/>
  <testcase name="test[ArgVarChecker/cfc_540_c.cfc]" classname="com.cflint.integration.TestFiles" time="0.125"/>
  <testcase name="test[ArgVarChecker/cfc_540_b.cfc]" classname="com.cflint.integration.TestFiles" time="0.082"/>
  <testcase name="test[ArgVarChecker/cfc_540_d.cfc]" classname="com.cflint.integration.TestFiles" time="0.085"/>
  <testcase name="test[ArgVarChecker/implicitStructKey_478.cfc]" classname="com.cflint.integration.TestFiles" time="0.097"/>
  <testcase name="test[ArgVarChecker/cfc_540.cfc]" classname="com.cflint.integration.TestFiles" time="0.089"/>
  <testcase name="test[ArgVarChecker/mixed_471.cfc]" classname="com.cflint.integration.TestFiles" time="0.067"/>
  <testcase name="test[ArgVarChecker/cfml_540.cfc]" classname="com.cflint.integration.TestFiles" time="0.094"/>
  <testcase name="test[Complexity/ifelse.cfc]" classname="com.cflint.integration.TestFiles" time="0.103"/>
  <testcase name="test[Complexity/ifelseComplex.cfc]" classname="com.cflint.integration.TestFiles" time="0.136"/>
  <testcase name="test[Includes/Header.cfm]" classname="com.cflint.integration.TestFiles" time="0.11"/>
  <testcase name="test[Includes/Template.cfm]" classname="com.cflint.integration.TestFiles" time="0.151"/>
  <testcase name="test[FunctionType/Missing/component_500.cfc]" classname="com.cflint.integration.TestFiles" time="0.117"/>
  <testcase name="test[FunctionType/Any/functionany1.cfc]" classname="com.cflint.integration.TestFiles" time="0.145"/>
  <testcase name="test[FunctionType/Any/functionmissing1.cfc]" classname="com.cflint.integration.TestFiles" time="0.127"/>
  <testcase name="test[Naming/NewComponent_472.cfc]" classname="com.cflint.integration.TestFiles" time="0.158"/>
  <testcase name="test[Naming/Inconsistent_545_cfml.cfm]" classname="com.cflint.integration.TestFiles" time="0.105"/>
  <testcase name="test[Naming/tempVar.cfc]" classname="com.cflint.integration.TestFiles" time="0.124"/>
  <testcase name="test[Naming/Inconsistent_544.cfc]" classname="com.cflint.integration.TestFiles" time="0.093"/>
  <testcase name="test[Naming/nameEndsInNumberScript.cfc]" classname="com.cflint.integration.TestFiles" time="0.077"/>
  <testcase name="test[CFIncludeChecker/lonelyCfinclude.cfc]" classname="com.cflint.integration.TestFiles" time="0.101"/>
  <testcase name="test[CFIncludeChecker/cfinclude1.cfc]" classname="com.cflint.integration.TestFiles" time="0.1"/>
  <testcase name="test[CompareInsteadOfAssign/Compare2.cfm]" classname="com.cflint.integration.TestFiles" time="0.109"/>
  <testcase name="test[CompareInsteadOfAssign/Compare1.cfm]" classname="com.cflint.integration.TestFiles" time="0.094"/>
  <testcase name="test[LiteralChecker/literal_checker_326.cfm]" classname="com.cflint.integration.TestFiles" time="0.109"/>
  <testcase name="test[LiteralChecker/literal_arraysort.cfc]" classname="com.cflint.integration.TestFiles" time="0.084"/>
  <testcase name="test[QueryNewChecker/querynew_549.cfc]" classname="com.cflint.integration.TestFiles" time="0.092"/>
  <testcase name="test[PackageCase/packagecase_nok.cfc]" classname="com.cflint.integration.TestFiles" time="0.153"/>
  <testcase name="test[PackageCase/packagecase_nok_b.cfc]" classname="com.cflint.integration.TestFiles" time="0.102"/>
  <testcase name="test[PackageCase/packagecase_nokC.cfc]" classname="com.cflint.integration.TestFiles" time="0.141"/>
  <testcase name="test[PackageCase/packagecase_ok.cfc]" classname="com.cflint.integration.TestFiles" time="0.132"/>
  <testcase name="test[MissingDeclaration/array_used.cfc]" classname="com.cflint.integration.TestFiles" time="0.083"/>
  <testcase name="test[MissingDeclaration/collect_used.cfc]" classname="com.cflint.integration.TestFiles" time="0.087"/>
  <testcase name="test[ExcludesAll/someErrors.cfc]" classname="com.cflint.integration.TestFiles" time="0.112"/>
  <testcase name="test[FunctionCollision/function_abs_cfml.cfc]" classname="com.cflint.integration.TestFiles" time="0.113"/>
  <testcase name="test[FunctionCollision/function_x.cfc]" classname="com.cflint.integration.TestFiles" time="0.099"/>
  <testcase name="test[FunctionCollision/function_abs.cfc]" classname="com.cflint.integration.TestFiles" time="0.083"/>
  <testcase name="test[VarScoper/553_catch.cfc]" classname="com.cflint.integration.TestFiles" time="0.14"/>
  <testcase name="test[VarScoper/cfcookie_518.cfc]" classname="com.cflint.integration.TestFiles" time="0.075"/>
  <testcase name="test[VarScoper/structureKeys_197.cfc]" classname="com.cflint.integration.TestFiles" time="0.081"/>
  <testcase name="test[VarScoper/482_cfmail.cfc]" classname="com.cflint.integration.TestFiles" time="0.143"/>
  <testcase name="test[VarScoper/553_cfml_catch.cfc]" classname="com.cflint.integration.TestFiles" time="0.092"/>
  <testcase name="test[VarScoper/structUse2_404.cfc]" classname="com.cflint.integration.TestFiles" time="0.118"/>
  <testcase name="test[VarScoper/cftag_483_1.cfc]" classname="com.cflint.integration.TestFiles" time="0.125"/>
  <testcase name="test[VarScoper/for_each.cfc]" classname="com.cflint.integration.TestFiles" time="0.117"/>
  <testcase name="test[VarScoper/cftag_483_3.cfc]" classname="com.cflint.integration.TestFiles" time="0.09"/>
  <testcase name="test[VarScoper/cftag_483_2.cfc]" classname="com.cflint.integration.TestFiles" time="0.09"/>
  <testcase name="test[VarScoper/scripttags/cfhttp.cfc]" classname="com.cflint.integration.TestFiles" time="0.082"/>
  <testcase name="test[VarScoper/scopesUse_404.cfc]" classname="com.cflint.integration.TestFiles" time="0.089"/>
  <testcase name="test[VarScoper/local_256.cfc]" classname="com.cflint.integration.TestFiles" time="0.08"/>
  <testcase name="test[VarScoper/fpositive/constructor.cfc]" classname="com.cflint.integration.TestFiles" time="0.098"/>
  <testcase name="test[VarScoper/fpositive/query.cfc]" classname="com.cflint.integration.TestFiles" time="0.086"/>
  <testcase name="test[VarScoper/fpositive/expectation.cfc]" classname="com.cflint.integration.TestFiles" time="0.104"/>
  <testcase name="test[VarScoper/fpositive/mail.cfc]" classname="com.cflint.integration.TestFiles" time="0.095"/>
  <testcase name="test[VarScoper/fpositive/tag.cfc]" classname="com.cflint.integration.TestFiles" time="0.075"/>
  <testcase name="test[VarScoper/fpositive/http.cfc]" classname="com.cflint.integration.TestFiles" time="0.078"/>
  <testcase name="test[VarScoper/fpositive/cfthread.cfc]" classname="com.cflint.integration.TestFiles" time="0.07"/>
  <testcase name="test[VarScoper/fpositive/http2.cfc]" classname="com.cflint.integration.TestFiles" time="0.114"/>
  <testcase name="test[VarScoper/structassignment.cfc]" classname="com.cflint.integration.TestFiles" time="0.084"/>
  <testcase name="test[VarScoper/scriptSample186.cfc]" classname="com.cflint.integration.TestFiles" time="0.072"/>
  <testcase name="test[VarScoper/cfquery_scoper.cfc]" classname="com.cflint.integration.TestFiles" time="0.083"/>
  <testcase name="test[VarScoper/testParse.cfc]" classname="com.cflint.integration.TestFiles" time="0.085"/>
  <testcase name="test[VarScoper/structUse_404.cfc]" classname="com.cflint.integration.TestFiles" time="0.084"/>
  <testcase name="test[VarScoper/482_mail.cfc]" classname="com.cflint.integration.TestFiles" time="0.102"/>
  <testcase name="test[VarScoper/cfqueryparam_569.cfc]" classname="com.cflint.integration.TestFiles" time="0.08"/>
  <testcase name="test[VarScoper/structure_keys_197.cfc]" classname="com.cflint.integration.TestFiles" time="0.072"/>
  <testcase name="test[VarScoper/cftry.cfc]" classname="com.cflint.integration.TestFiles" time="0.084"/>
  <testcase name="test[VarScoper/cfloop_index_413.cfc]" classname="com.cflint.integration.TestFiles" time="0.099"/>
  <testcase name="test[VarScoper/lock_488.cfc]" classname="com.cflint.integration.TestFiles" time="0.087"/>
  <testcase name="test[VarScoper/property_246.cfc]" classname="com.cflint.integration.TestFiles" time="0.073"/>
  <testcase name="test[VarScoper/namedArgs.cfc]" classname="com.cflint.integration.TestFiles" time="0.105"/>
  <testcase name="test[VarScoper/cfdocumentsection_462.cfc]" classname="com.cflint.integration.TestFiles" time="0.106"/>
  <testcase name="test[VarScoper/pureScript.cfc]" classname="com.cflint.integration.TestFiles" time="0.092"/>
  <testcase name="test[MissingSemiColon/missingSemis1.cfc]" classname="com.cflint.integration.TestFiles" time="0.093"/>
  <testcase name="test[Parsing/encodeing_580.cfc]" classname="com.cflint.integration.TestFiles" time="0.097"/>
  <testcase name="test[Parsing/parsing253.cfm]" classname="com.cflint.integration.TestFiles" time="0.092"/>
  <testcase name="test[Parsing/parsing251.cfc]" classname="com.cflint.integration.TestFiles" time="0.07"/>
  <testcase name="test[Parsing/include_96.cfc]" classname="com.cflint.integration.TestFiles" time="0.098"/>
  <testcase name="test[Parsing/import_359.cfc]" classname="com.cflint.integration.TestFiles" time="0.089"/>
  <testcase name="test[Parsing/inlinearray_650.cfc]" classname="com.cflint.integration.TestFiles" time="0.097"/>
  <testcase name="test[Parsing/Underscore.cfc]" classname="com.cflint.integration.TestFiles" time="0.108"/>
  <testcase name="test[Parsing/include_506.cfm]" classname="com.cflint.integration.TestFiles" time="0.088"/>
  <testcase name="test[Parsing/customerror_647.cfc]" classname="com.cflint.integration.TestFiles" time="0.077"/>
  <testcase name="test[Parsing/npe_408.cfc]" classname="com.cflint.integration.TestFiles" time="0.082"/>
  <testcase name="test[Parsing/parsing_346.cfc]" classname="com.cflint.integration.TestFiles" time="0.094"/>
  <testcase name="test[Parsing/columns/test.cfc]" classname="com.cflint.integration.TestFiles" time="0.087"/>
  <testcase name="test[Parsing/interface.cfc]" classname="com.cflint.integration.TestFiles" time="0.084"/>
  <testcase name="test[Query/cfquery_param2.cfc]" classname="com.cflint.integration.TestFiles" time="0.086"/>
  <testcase name="test[Query/cfquery_param3.cfc]" classname="com.cflint.integration.TestFiles" time="0.067"/>
  <testcase name="test[Query/cfquery_param_byline_nest.cfc]" classname="com.cflint.integration.TestFiles" time="0.078"/>
  <testcase name="test[Query/cfquery_param_571_c.cfc]" classname="com.cflint.integration.TestFiles" time="0.064"/>
  <testcase name="test[Query/cfquery_param_571_b.cfc]" classname="com.cflint.integration.TestFiles" time="0.086"/>
  <testcase name="test[Query/cfquery_param_571_a.cfc]" classname="com.cflint.integration.TestFiles" time="0.063"/>
  <testcase name="test[Query/cfquery_param_571_d.cfc]" classname="com.cflint.integration.TestFiles" time="0.066"/>
  <testcase name="test[Query/cfquery_param_case.cfc]" classname="com.cflint.integration.TestFiles" time="0.074"/>
  <testcase name="test[Query/cfquery_param_byline.cfc]" classname="com.cflint.integration.TestFiles" time="0.076"/>
  <testcase name="test[Query/cfquery_script_param_571_a.cfc]" classname="com.cflint.integration.TestFiles" time="0.079"/>
  <testcase name="test[Query/cfquery_param.cfc]" classname="com.cflint.integration.TestFiles" time="0.072"/>
  <testcase name="test[Ignores/ignoreCFMLAny4.cfc]" classname="com.cflint.integration.TestFiles" time="0.076"/>
  <testcase name="test[Ignores/ignoreCFMLAny5.cfc]" classname="com.cflint.integration.TestFiles" time="0.078"/>
  <testcase name="test[Ignores/ignoreCFMLAny2.cfc]" classname="com.cflint.integration.TestFiles" time="0.066"/>
  <testcase name="test[Ignores/ignoreCFMLAny1.cfc]" classname="com.cflint.integration.TestFiles" time="0.07"/>
  <testcase name="test[Ignores/ignoreLineMessageUnmatched.cfc]" classname="com.cflint.integration.TestFiles" time="0.074"/>
  <testcase name="test[Ignores/ignoreMultiLineComponent2.cfc]" classname="com.cflint.integration.TestFiles" time="0.073"/>
  <testcase name="test[Ignores/ignoreMultiLine.cfc]" classname="com.cflint.integration.TestFiles" time="0.077"/>
  <testcase name="test[Ignores/ignoreCFMLAny3_Nested.cfc]" classname="com.cflint.integration.TestFiles" time="0.076"/>
  <testcase name="test[Ignores/ignoreLineMessage1.cfc]" classname="com.cflint.integration.TestFiles" time="0.081"/>
  <testcase name="test[Ignores/ignoreCFMLFunction.cfc]" classname="com.cflint.integration.TestFiles" time="0.091"/>
  <testcase name="test[Ignores/ignoreCFMLComponent.cfc]" classname="com.cflint.integration.TestFiles" time="0.087"/>
  <testcase name="test[Ignores/ignoreLine1.cfc]" classname="com.cflint.integration.TestFiles" time="0.072"/>
  <testcase name="test[Ignores/ignore_489.cfc]" classname="com.cflint.integration.TestFiles" time="0.081"/>
  <testcase name="test[Ignores/ignore_467.cfc]" classname="com.cflint.integration.TestFiles" time="0.066"/>
  <testcase name="test[Ignores/ignoreMultiLine2.cfc]" classname="com.cflint.integration.TestFiles" time="0.084"/>
  <testcase name="test[Ignores/ignoreCFMLComponent2.cfc]" classname="com.cflint.integration.TestFiles" time="0.07"/>
  <testcase name="test[Ignores/args/test_497.cfc]" classname="com.cflint.integration.TestFiles" time="0.103"/>
  <testcase name="test[Ignores/ignoreMultiLineComponent.cfc]" classname="com.cflint.integration.TestFiles" time="0.086"/>
  <testcase name="test[BuiltInFunctionChecker/isDate2.cfm]" classname="com.cflint.integration.TestFiles" time="0.091"/>
  <testcase name="test[BuiltInFunctionChecker/isDate1.cfm]" classname="com.cflint.integration.TestFiles" time="0.094"/>
  <testcase name="test[Hints/hints2_hintattribute.cfc]" classname="com.cflint.integration.TestFiles" time="0.078"/>
  <testcase name="test[Hints/hints1.cfc]" classname="com.cflint.integration.TestFiles" time="0.084"/>
  <testcase name="test[Hints/arg_hints_missing.cfc]" classname="com.cflint.integration.TestFiles" time="0.075"/>
  <testcase name="test[Hints/hints4_emptycomment.cfc]" classname="com.cflint.integration.TestFiles" time="0.078"/>
  <testcase name="test[Hints/hints3_hintannotation.cfc]" classname="com.cflint.integration.TestFiles" time="0.077"/>
  <testcase name="test[Hints/hints5_comment.cfc]" classname="com.cflint.integration.TestFiles" time="0.081"/>
  <testcase name="test[ArgVarConflict/mixedScopeExample.cfc]" classname="com.cflint.integration.TestFiles" time="0.089"/>
  <testcase name="test[VariableNameChecker/leaderboard_450.cfc]" classname="com.cflint.integration.TestFiles" time="0.096"/>
  <testcase name="test[VariableNameChecker/scope_608.cfc]" classname="com.cflint.integration.TestFiles" time="0.093"/>
  <testcase name="test[VariableNameChecker/config2/length_314.cfc]" classname="com.cflint.integration.TestFiles" time="0.126"/>
  <testcase name="test[VariableNameChecker/sample1_635.cfc]" classname="com.cflint.integration.TestFiles" time="0.147"/>
  <testcase name="test[VariableNameChecker/query_naming_blank_601.cfc]" classname="com.cflint.integration.TestFiles" time="0.102"/>
  <testcase name="test[VariableNameChecker/task_476.cfc]" classname="com.cflint.integration.TestFiles" time="0.141"/>
  <testcase name="test[VariableNameChecker/config/length_314.cfc]" classname="com.cflint.integration.TestFiles" time="0.136"/>
  <testcase name="test[VariableNameChecker/local_537.cfm]" classname="com.cflint.integration.TestFiles" time="0.099"/>
  <testcase name="test[VariableNameChecker/query_naming_hash_601.cfc]" classname="com.cflint.integration.TestFiles" time="0.109"/>
  <testcase name="test[VariableNameChecker/componentID_499.cfc]" classname="com.cflint.integration.TestFiles" time="0.102"/>
  <testcase name="test[VariableNameChecker/532_naming.cfc]" classname="com.cflint.integration.TestFiles" time="0.101"/>
  <testcase name="test[VariableNameChecker/cftry.cfc]" classname="com.cflint.integration.TestFiles" time="0.074"/>
  <testcase name="test[VariableNameChecker/sample1_228.cfc]" classname="com.cflint.integration.TestFiles" time="0.074"/>
  <testcase name="test[VariableNameChecker/sample_239.cfc]" classname="com.cflint.integration.TestFiles" time="0.062"/>
  <testcase name="test[VariableNameChecker/thisTag_479.cfc]" classname="com.cflint.integration.TestFiles" time="0.09"/>
</testsuite>